\BOOKMARK [0][-]{chapter.1}{Introduction}{}% 1
\BOOKMARK [1][-]{section.1.1}{Motivational Background}{chapter.1}% 2
\BOOKMARK [1][-]{section.1.2}{Past Work}{chapter.1}% 3
\BOOKMARK [1][-]{section.1.3}{Summary of Authors Contributions}{chapter.1}% 4
\BOOKMARK [1][-]{section.1.4}{Report Outline}{chapter.1}% 5
\BOOKMARK [0][-]{chapter.2}{Theoretical Background \046 Literature Review}{}% 6
\BOOKMARK [1][-]{section.2.1}{Neural Recording through Biopotential Acquisition}{chapter.2}% 7
\BOOKMARK [2][-]{subsection.2.1.1}{The Neural Signals}{section.2.1}% 8
\BOOKMARK [2][-]{subsection.2.1.2}{Real-life Application of ideal Polarizable \046 Non-Polarizable Electrodes}{section.2.1}% 9
\BOOKMARK [1][-]{section.2.2}{Transistor and Amplifier basics}{chapter.2}% 10
\BOOKMARK [2][-]{subsection.2.2.1}{Designing Low-Noise and Low-Power OTAs}{section.2.2}% 11
\BOOKMARK [3][-]{subsubsection.2.2.1.1}{MOSFET's and Level of Inversion}{subsection.2.2.1}% 12
\BOOKMARK [2][-]{subsection.2.2.2}{Noise Performance}{section.2.2}% 13
\BOOKMARK [3][-]{subsubsection.2.2.2.1}{Noise Figure}{subsection.2.2.2}% 14
\BOOKMARK [3][-]{subsubsection.2.2.2.2}{Noise Efficiency Factor}{subsection.2.2.2}% 15
\BOOKMARK [0][-]{chapter.3}{The LNA front-end}{}% 16
\BOOKMARK [0][-]{chapter.4}{Design Methodology}{}% 17
\BOOKMARK [1][-]{section.4.1}{Amplifier Topology}{chapter.4}% 18
\BOOKMARK [0][-]{chapter.5}{Results}{}% 19
\BOOKMARK [0][-]{chapter.6}{Conclusion}{}% 20
\BOOKMARK [1][-]{section.6.1}{Evaluation of the Assignment}{chapter.6}% 21
